TMPC-015:amplify-only a-yamamoto$ amplify add api
? Please select from one of the below mentioned services: GraphQL
? Provide API name: amplifytest
? Choose the default authorization type for the API API key
? Enter a description for the API key:
? After how many days from now the API key should expire (1-365): 7
? Do you want to configure advanced settings for the GraphQL API No, I am done.
? Do you have an annotated GraphQL schema? No
? Do you want a guided schema creation? Yes
? What best describes your project: Single object with fields (e.g., “Todo” with ID, name, description)
? Do you want to edit the schema now? No

The following types do not have '@auth' enabled. Consider using @auth with @model
	 - Todo
Learn more about @auth here: https://aws-amplify.github.io/docs/cli-toolchain/graphql#auth


GraphQL schema compiled successfully.

Edit your schema at /Users/a-yamamoto/git/amplify/amplify-only/amplify/backend/api/amplifytest/schema.graphql or place .graphql files in a directory at /Users/a-yamamoto/git/amplify/amplify-only/amplify/backend/api/amplifytest/schema
Successfully added resource amplifytest locally

Some next steps:
"amplify push" will build all your local backend resources and provision it in the cloud
"amplify publish" will build all your local backend and frontend resources (if you have hosting category added) and provision it in the cloud
